Analysis & Synthesis report for DE0_NANO
Fri Nov 02 16:27:02 2018
Quartus II 64-Bit Version 15.0.0 Build 145 04/22/2015 Patches 0.01we SJ Web Edition


---------------------
; Table of Contents ;
---------------------
  1. Legal Notice
  2. Analysis & Synthesis Summary
  3. Analysis & Synthesis Settings
  4. Parallel Compilation
  5. Analysis & Synthesis Messages



----------------
; Legal Notice ;
----------------
Copyright (C) 1991-2015 Altera Corporation. All rights reserved.
Your use of Altera Corporation's design tools, logic functions 
and other software and tools, and its AMPP partner logic 
functions, and any output files from any of the foregoing 
(including device programming or simulation files), and any 
associated documentation or information are expressly subject 
to the terms and conditions of the Altera Program License 
Subscription Agreement, the Altera Quartus II License Agreement,
the Altera MegaCore Function License Agreement, or other 
applicable license agreement, including, without limitation, 
that your use is for the sole purpose of programming logic 
devices manufactured by Altera and sold by Altera or its 
authorized distributors.  Please refer to the applicable 
agreement for further details.



+------------------------------------------------------------------------------------------------+
; Analysis & Synthesis Summary                                                                   ;
+------------------------------------+-----------------------------------------------------------+
; Analysis & Synthesis Status        ; Failed - Fri Nov 02 16:27:02 2018                         ;
; Quartus II 64-Bit Version          ; 15.0.0 Build 145 04/22/2015 Patches 0.01we SJ Web Edition ;
; Revision Name                      ; DE0_NANO                                                  ;
; Top-level Entity Name              ; DE0_NANO                                                  ;
; Family                             ; Cyclone IV E                                              ;
; Total logic elements               ; N/A until Partition Merge                                 ;
;     Total combinational functions  ; N/A until Partition Merge                                 ;
;     Dedicated logic registers      ; N/A until Partition Merge                                 ;
; Total registers                    ; N/A until Partition Merge                                 ;
; Total pins                         ; N/A until Partition Merge                                 ;
; Total virtual pins                 ; N/A until Partition Merge                                 ;
; Total memory bits                  ; N/A until Partition Merge                                 ;
; Embedded Multiplier 9-bit elements ; N/A until Partition Merge                                 ;
; Total PLLs                         ; N/A until Partition Merge                                 ;
+------------------------------------+-----------------------------------------------------------+


+----------------------------------------------------------------------------------------------------------------------+
; Analysis & Synthesis Settings                                                                                        ;
+----------------------------------------------------------------------------+--------------------+--------------------+
; Option                                                                     ; Setting            ; Default Value      ;
+----------------------------------------------------------------------------+--------------------+--------------------+
; Device                                                                     ; EP4CE22F17C6       ;                    ;
; Top-level entity name                                                      ; DE0_NANO           ; DE0_NANO           ;
; Family name                                                                ; Cyclone IV E       ; Cyclone IV GX      ;
; Use smart compilation                                                      ; Off                ; Off                ;
; Enable parallel Assembler and TimeQuest Timing Analyzer during compilation ; On                 ; On                 ;
; Enable compact report table                                                ; Off                ; Off                ;
; Restructure Multiplexers                                                   ; Auto               ; Auto               ;
; Create Debugging Nodes for IP Cores                                        ; Off                ; Off                ;
; Preserve fewer node names                                                  ; On                 ; On                 ;
; Disable OpenCore Plus hardware evaluation                                  ; Off                ; Off                ;
; Verilog Version                                                            ; Verilog_2001       ; Verilog_2001       ;
; VHDL Version                                                               ; VHDL_1993          ; VHDL_1993          ;
; State Machine Processing                                                   ; Auto               ; Auto               ;
; Safe State Machine                                                         ; Off                ; Off                ;
; Extract Verilog State Machines                                             ; On                 ; On                 ;
; Extract VHDL State Machines                                                ; On                 ; On                 ;
; Ignore Verilog initial constructs                                          ; Off                ; Off                ;
; Iteration limit for constant Verilog loops                                 ; 5000               ; 5000               ;
; Iteration limit for non-constant Verilog loops                             ; 250                ; 250                ;
; Add Pass-Through Logic to Inferred RAMs                                    ; On                 ; On                 ;
; Infer RAMs from Raw Logic                                                  ; On                 ; On                 ;
; Parallel Synthesis                                                         ; On                 ; On                 ;
; DSP Block Balancing                                                        ; Auto               ; Auto               ;
; NOT Gate Push-Back                                                         ; On                 ; On                 ;
; Power-Up Don't Care                                                        ; On                 ; On                 ;
; Remove Redundant Logic Cells                                               ; Off                ; Off                ;
; Remove Duplicate Registers                                                 ; On                 ; On                 ;
; Ignore CARRY Buffers                                                       ; Off                ; Off                ;
; Ignore CASCADE Buffers                                                     ; Off                ; Off                ;
; Ignore GLOBAL Buffers                                                      ; Off                ; Off                ;
; Ignore ROW GLOBAL Buffers                                                  ; Off                ; Off                ;
; Ignore LCELL Buffers                                                       ; Off                ; Off                ;
; Ignore SOFT Buffers                                                        ; On                 ; On                 ;
; Limit AHDL Integers to 32 Bits                                             ; Off                ; Off                ;
; Optimization Technique                                                     ; Balanced           ; Balanced           ;
; Carry Chain Length                                                         ; 70                 ; 70                 ;
; Auto Carry Chains                                                          ; On                 ; On                 ;
; Auto Open-Drain Pins                                                       ; On                 ; On                 ;
; Perform WYSIWYG Primitive Resynthesis                                      ; Off                ; Off                ;
; Auto ROM Replacement                                                       ; On                 ; On                 ;
; Auto RAM Replacement                                                       ; On                 ; On                 ;
; Auto DSP Block Replacement                                                 ; On                 ; On                 ;
; Auto Shift Register Replacement                                            ; Auto               ; Auto               ;
; Allow Shift Register Merging across Hierarchies                            ; Auto               ; Auto               ;
; Auto Clock Enable Replacement                                              ; On                 ; On                 ;
; Strict RAM Replacement                                                     ; Off                ; Off                ;
; Allow Synchronous Control Signals                                          ; On                 ; On                 ;
; Force Use of Synchronous Clear Signals                                     ; Off                ; Off                ;
; Auto RAM Block Balancing                                                   ; On                 ; On                 ;
; Auto RAM to Logic Cell Conversion                                          ; Off                ; Off                ;
; Auto Resource Sharing                                                      ; Off                ; Off                ;
; Allow Any RAM Size For Recognition                                         ; Off                ; Off                ;
; Allow Any ROM Size For Recognition                                         ; Off                ; Off                ;
; Allow Any Shift Register Size For Recognition                              ; Off                ; Off                ;
; Use LogicLock Constraints during Resource Balancing                        ; On                 ; On                 ;
; Ignore translate_off and synthesis_off directives                          ; Off                ; Off                ;
; Timing-Driven Synthesis                                                    ; On                 ; On                 ;
; Report Parameter Settings                                                  ; On                 ; On                 ;
; Report Source Assignments                                                  ; On                 ; On                 ;
; Report Connectivity Checks                                                 ; On                 ; On                 ;
; Ignore Maximum Fan-Out Assignments                                         ; Off                ; Off                ;
; Synchronization Register Chain Length                                      ; 2                  ; 2                  ;
; PowerPlay Power Optimization During Synthesis                              ; Normal compilation ; Normal compilation ;
; HDL message level                                                          ; Level2             ; Level2             ;
; Suppress Register Optimization Related Messages                            ; Off                ; Off                ;
; Number of Removed Registers Reported in Synthesis Report                   ; 5000               ; 5000               ;
; Number of Swept Nodes Reported in Synthesis Report                         ; 5000               ; 5000               ;
; Number of Inverted Registers Reported in Synthesis Report                  ; 100                ; 100                ;
; Clock MUX Protection                                                       ; On                 ; On                 ;
; Auto Gated Clock Conversion                                                ; Off                ; Off                ;
; Block Design Naming                                                        ; Auto               ; Auto               ;
; SDC constraint protection                                                  ; Off                ; Off                ;
; Synthesis Effort                                                           ; Auto               ; Auto               ;
; Shift Register Replacement - Allow Asynchronous Clear Signal               ; On                 ; On                 ;
; Pre-Mapping Resynthesis Optimization                                       ; Off                ; Off                ;
; Analysis & Synthesis Message Level                                         ; Medium             ; Medium             ;
; Disable Register Merging Across Hierarchies                                ; Auto               ; Auto               ;
; Resource Aware Inference For Block RAM                                     ; On                 ; On                 ;
; Synthesis Seed                                                             ; 1                  ; 1                  ;
+----------------------------------------------------------------------------+--------------------+--------------------+


Parallel compilation was disabled, but you have multiple processors available. Enable parallel compilation to reduce compilation time.
+-------------------------------------+
; Parallel Compilation                ;
+----------------------------+--------+
; Processors                 ; Number ;
+----------------------------+--------+
; Number detected on machine ; 8      ;
; Maximum allowed            ; 1      ;
+----------------------------+--------+


+-------------------------------+
; Analysis & Synthesis Messages ;
+-------------------------------+
Info: *******************************************************************
Info: Running Quartus II 64-Bit Analysis & Synthesis
    Info: Version 15.0.0 Build 145 04/22/2015 Patches 0.01we SJ Web Edition
    Info: Processing started: Fri Nov 02 16:26:51 2018
Info: Command: quartus_map --read_settings_files=on --write_settings_files=off DE0_NANO -c DE0_NANO
Warning (125092): Tcl Script File DE_NANO_SOPC.qip not found
    Info (125063): set_global_assignment -name QIP_FILE DE_NANO_SOPC.qip
Warning (20028): Parallel compilation is not licensed and has been disabled
Info (12021): Found 1 design units, including 1 entities, in source file vga_driver.v
    Info (12023): Found entity 1: VGA_DRIVER
Info (12021): Found 1 design units, including 1 entities, in source file de0_nano.v
    Info (12023): Found entity 1: DE0_NANO
Info (12021): Found 1 design units, including 1 entities, in source file pll.v
    Info (12023): Found entity 1: PLL
Info (12021): Found 1 design units, including 1 entities, in source file dual_port_ram_m9k.v
    Info (12023): Found entity 1: Dual_Port_RAM_M9K
Info (12021): Found 1 design units, including 1 entities, in source file image_processor.v
    Info (12023): Found entity 1: IMAGE_PROCESSOR
Info (12127): Elaborating entity "DE0_NANO" for the top level hierarchy
Warning (10036): Verilog HDL or VHDL warning at DE0_NANO.v(54): object "pixel_data_RGB332" assigned a value but never read
Warning (10230): Verilog HDL assignment warning at DE0_NANO.v(62): truncated value with size 32 to match size of target (15)
Warning (10230): Verilog HDL assignment warning at DE0_NANO.v(130): truncated value with size 32 to match size of target (15)
Error (10200): Verilog HDL Conditional Statement error at DE0_NANO.v(142): cannot match operand(s) in the condition to the corresponding edges in the enclosing event control of the always construct File: C:/Users/Anthony Viego/Documents/ECE3400/website/Lab4/Lab4_FPGA_Template/DE0_NANO.v Line: 142
Warning (10230): Verilog HDL assignment warning at DE0_NANO.v(154): truncated value with size 32 to match size of target (15)
Error (10200): Verilog HDL Conditional Statement error at DE0_NANO.v(166): cannot match operand(s) in the condition to the corresponding edges in the enclosing event control of the always construct File: C:/Users/Anthony Viego/Documents/ECE3400/website/Lab4/Lab4_FPGA_Template/DE0_NANO.v Line: 166
Warning (10240): Verilog HDL Always Construct warning at DE0_NANO.v(140): inferring latch(es) for variable "W_EN", which holds its previous value in one or more paths through the always construct
Warning (10240): Verilog HDL Always Construct warning at DE0_NANO.v(140): inferring latch(es) for variable "data", which holds its previous value in one or more paths through the always construct
Warning (10240): Verilog HDL Always Construct warning at DE0_NANO.v(140): inferring latch(es) for variable "CAM_COUNT", which holds its previous value in one or more paths through the always construct
Warning (10240): Verilog HDL Always Construct warning at DE0_NANO.v(140): inferring latch(es) for variable "downsampled", which holds its previous value in one or more paths through the always construct
Warning (10240): Verilog HDL Always Construct warning at DE0_NANO.v(140): inferring latch(es) for variable "X_ADDR", which holds its previous value in one or more paths through the always construct
Warning (10230): Verilog HDL assignment warning at DE0_NANO.v(173): truncated value with size 32 to match size of target (15)
Warning (10034): Output port "GPIO_0_D[32..24]" at DE0_NANO.v(28) has no driver
Warning (10034): Output port "GPIO_0_D[22]" at DE0_NANO.v(28) has no driver
Warning (10034): Output port "GPIO_0_D[20]" at DE0_NANO.v(28) has no driver
Warning (10034): Output port "GPIO_0_D[18]" at DE0_NANO.v(28) has no driver
Warning (10034): Output port "GPIO_0_D[16]" at DE0_NANO.v(28) has no driver
Warning (10034): Output port "GPIO_0_D[14]" at DE0_NANO.v(28) has no driver
Warning (10034): Output port "GPIO_0_D[12]" at DE0_NANO.v(28) has no driver
Warning (10034): Output port "GPIO_0_D[10]" at DE0_NANO.v(28) has no driver
Warning (10034): Output port "GPIO_0_D[8]" at DE0_NANO.v(28) has no driver
Warning (10034): Output port "GPIO_0_D[6]" at DE0_NANO.v(28) has no driver
Warning (10034): Output port "GPIO_0_D[4..0]" at DE0_NANO.v(28) has no driver
Info (10041): Inferred latch for "W_EN" at DE0_NANO.v(166)
Info (10041): Inferred latch for "X_ADDR[0]" at DE0_NANO.v(161)
Info (10041): Inferred latch for "X_ADDR[1]" at DE0_NANO.v(161)
Info (10041): Inferred latch for "X_ADDR[2]" at DE0_NANO.v(161)
Info (10041): Inferred latch for "X_ADDR[3]" at DE0_NANO.v(161)
Info (10041): Inferred latch for "X_ADDR[4]" at DE0_NANO.v(161)
Info (10041): Inferred latch for "X_ADDR[5]" at DE0_NANO.v(161)
Info (10041): Inferred latch for "X_ADDR[6]" at DE0_NANO.v(161)
Info (10041): Inferred latch for "X_ADDR[7]" at DE0_NANO.v(161)
Info (10041): Inferred latch for "X_ADDR[8]" at DE0_NANO.v(161)
Info (10041): Inferred latch for "X_ADDR[9]" at DE0_NANO.v(161)
Info (10041): Inferred latch for "X_ADDR[10]" at DE0_NANO.v(161)
Info (10041): Inferred latch for "X_ADDR[11]" at DE0_NANO.v(161)
Info (10041): Inferred latch for "X_ADDR[12]" at DE0_NANO.v(161)
Info (10041): Inferred latch for "X_ADDR[13]" at DE0_NANO.v(161)
Info (10041): Inferred latch for "X_ADDR[14]" at DE0_NANO.v(161)
Info (10041): Inferred latch for "downsampled[0]" at DE0_NANO.v(159)
Info (10041): Inferred latch for "downsampled[1]" at DE0_NANO.v(159)
Info (10041): Inferred latch for "downsampled[2]" at DE0_NANO.v(159)
Info (10041): Inferred latch for "downsampled[3]" at DE0_NANO.v(159)
Info (10041): Inferred latch for "downsampled[4]" at DE0_NANO.v(159)
Info (10041): Inferred latch for "downsampled[5]" at DE0_NANO.v(159)
Info (10041): Inferred latch for "downsampled[6]" at DE0_NANO.v(159)
Info (10041): Inferred latch for "downsampled[7]" at DE0_NANO.v(159)
Info (10041): Inferred latch for "CAM_COUNT" at DE0_NANO.v(159)
Info (10041): Inferred latch for "data[3]" at DE0_NANO.v(159)
Info (10041): Inferred latch for "data[4]" at DE0_NANO.v(159)
Info (10041): Inferred latch for "data[8]" at DE0_NANO.v(159)
Info (10041): Inferred latch for "data[9]" at DE0_NANO.v(159)
Info (10041): Inferred latch for "data[10]" at DE0_NANO.v(159)
Info (10041): Inferred latch for "data[13]" at DE0_NANO.v(159)
Info (10041): Inferred latch for "data[14]" at DE0_NANO.v(159)
Info (10041): Inferred latch for "data[15]" at DE0_NANO.v(159)
Error (12153): Can't elaborate top-level user hierarchy
Error: Quartus II 64-Bit Analysis & Synthesis was unsuccessful. 3 errors, 23 warnings
    Error: Peak virtual memory: 4803 megabytes
    Error: Processing ended: Fri Nov 02 16:27:02 2018
    Error: Elapsed time: 00:00:11
    Error: Total CPU time (on all processors): 00:00:24


